<?xml version="1.0" encoding="UTF-8"?>
<!-- Generated by org.testng.reporters.JUnitXMLReporter -->
<testsuite hostname="LAPTOP-GG03COHD" ignored="0" name="Default test" tests="3" failures="0" timestamp="2020-04-19T01:20:33 EDT" time="53.361" errors="0">
  <testcase name="loginPageValidation" time="0.225" classname="testPackage.LoginTest"/>
  <testcase name="logoValidation" time="0.477" classname="testPackage.LoginTest"/>
  <testcase name="loginTest" time="3.172" classname="testPackage.LoginTest"/>
</testsuite> <!-- Default test -->
